<?xml version="1.0" encoding="UTF-8"?>
<!-- Generated by org.testng.reporters.JUnitReportReporter -->
<testsuite hostname="ACo-PC-Fixe" failures="0" tests="1" name="Authentification.Testlogin" time="1.623" errors="0" timestamp="2021-08-30T11:17:47 CEST" skipped="0">
  <testcase classname="Authentification.Testlogin" name="testLoginValideEtMdpValide" time="1.623"/>
  <system-out/>
</testsuite> <!-- Authentification.Testlogin -->
