<?xml version="1.0" encoding="UTF-8"?>
<!-- Generated by org.testng.reporters.JUnitReportReporter -->
<testsuite hostname="ACo-PC-Fixe" failures="0" tests="3" name="Authentification.Authentification" time="4.614" errors="0" timestamp="2021-08-30T15:29:56 CEST" skipped="0">
  <testcase classname="Authentification.Authentification" name="TestLogin" time="1.294"/>
  <system-out>
    <![CDATA[Le resultat attendu est : Invalid username or password. et nous avons comme résultat :Invalid username or password.]]>
  </system-out>
  <testcase classname="Authentification.Authentification" name="TestLogin" time="1.268"/>
  <system-out>
    <![CDATA[Le resultat attendu est : Invalid username or password. et nous avons comme résultat :Invalid username or password.]]>
  </system-out>
  <testcase classname="Authentification.Authentification" name="TestLogin" time="2.052"/>
  <system-out>
    <![CDATA[Le resultat attendu est : http://ats.faimerecruiter.com/index.php?m=home et nous avons comme résultat :http://ats.faimerecruiter.com/index.php?m=home]]>
  </system-out>
</testsuite> <!-- Authentification.Authentification -->
