<?xml version="1.0" encoding="UTF-8"?>
<!-- Generated by org.testng.reporters.JUnitReportReporter -->
<testsuite hostname="ACo-PC-Fixe" failures="0" tests="1" name="test.TestNG_Demo" time="1.669" errors="0" timestamp="2022-01-03T09:20:29 CET" skipped="0">
  <testcase classname="test.TestNG_Demo" name="googleSearch" time="1.669"/>
  <system-out/>
</testsuite> <!-- test.TestNG_Demo -->
