<?xml version="1.0" encoding="UTF-8"?>
<!-- Generated by org.testng.reporters.JUnitReportReporter -->
<testsuite hostname="ACo-PC-Fixe" failures="0" tests="1" name="test.TestNG_Demo2" time="4.117" errors="0" timestamp="2021-12-24T09:25:51 CET" skipped="0">
  <testcase classname="test.TestNG_Demo2" name="googleSearch" time="4.117"/>
  <system-out/>
</testsuite> <!-- test.TestNG_Demo2 -->
