<?xml version="1.0" encoding="UTF-8"?>
<!-- Generated by org.testng.reporters.JUnitReportReporter -->
<testsuite hostname="ACo-PC-Fixe" failures="0" tests="4" name="demo.TestNGGroupsDemo" time="0.005" errors="0" timestamp="2022-01-03T10:24:42 CET" skipped="0">
  <testcase classname="demo.TestNGGroupsDemo" name="test4" time="0.000"/>
  <system-out/>
  <testcase classname="demo.TestNGGroupsDemo" name="test3" time="0.000"/>
  <system-out/>
  <testcase classname="demo.TestNGGroupsDemo" name="test1" time="0.005"/>
  <system-out/>
  <testcase classname="demo.TestNGGroupsDemo" name="test2" time="0.000"/>
  <system-out/>
</testsuite> <!-- demo.TestNGGroupsDemo -->
